2024-05-30 14:49:47,229 [level] com.example.blogpost.BlogPostApplication [restartedMain] Starting BlogPostApplication using Java 17.0.11 with PID 81612 (D:\javaudemy\spring Boot\blogpost\target\classes started by phane in D:\javaudemy\spring Boot\blogpost)
2024-05-30 14:49:47,245 [level] com.example.blogpost.BlogPostApplication [restartedMain] No active profile set, falling back to 1 default profile: "default"
2024-05-30 14:49:47,371 [level] org.springframework.boot.devtools.env.DevToolsPropertyDefaultsPostProcessor [restartedMain] Devtools property defaults active! Set 'spring.devtools.add-properties' to 'false' to disable
2024-05-30 14:49:47,372 [level] org.springframework.boot.devtools.env.DevToolsPropertyDefaultsPostProcessor [restartedMain] For additional web related logging consider setting the 'logging.level.web' property to 'DEBUG'
2024-05-30 14:49:50,380 [level] org.springframework.data.repository.config.RepositoryConfigurationDelegate [restartedMain] Bootstrapping Spring Data JPA repositories in DEFAULT mode.
2024-05-30 14:49:50,516 [level] org.springframework.data.repository.config.RepositoryConfigurationDelegate [restartedMain] Finished Spring Data repository scanning in 95 ms. Found 3 JPA repository interfaces.
2024-05-30 14:49:52,455 [level] org.springframework.boot.web.embedded.tomcat.TomcatWebServer [restartedMain] Tomcat initialized with port 8080 (http)
2024-05-30 14:49:52,488 [level] org.apache.catalina.core.StandardService [restartedMain] Starting service [Tomcat]
2024-05-30 14:49:52,493 [level] org.apache.catalina.core.StandardEngine [restartedMain] Starting Servlet engine: [Apache Tomcat/10.1.20]
2024-05-30 14:49:52,691 [level] org.apache.catalina.core.ContainerBase.[Tomcat].[localhost].[/] [restartedMain] Initializing Spring embedded WebApplicationContext
2024-05-30 14:49:52,693 [level] org.springframework.boot.web.servlet.context.ServletWebServerApplicationContext [restartedMain] Root WebApplicationContext: initialization completed in 5316 ms
2024-05-30 14:49:53,012 [level] com.zaxxer.hikari.HikariDataSource [restartedMain] HikariPool-1 - Starting...
2024-05-30 14:49:53,453 [level] com.zaxxer.hikari.pool.HikariPool [restartedMain] HikariPool-1 - Added connection conn0: url=jdbc:h2:file:./db/blogdb user=ADMIN
2024-05-30 14:49:53,458 [level] com.zaxxer.hikari.HikariDataSource [restartedMain] HikariPool-1 - Start completed.
2024-05-30 14:49:53,482 [level] org.springframework.boot.autoconfigure.h2.H2ConsoleAutoConfiguration [restartedMain] H2 console available at '/db-console'. Database available at 'jdbc:h2:file:./db/blogdb'
2024-05-30 14:49:54,035 [level] org.hibernate.jpa.internal.util.LogHelper [restartedMain] HHH000204: Processing PersistenceUnitInfo [name: default]
2024-05-30 14:49:54,302 [level] org.hibernate.Version [restartedMain] HHH000412: Hibernate ORM core version 6.4.4.Final
2024-05-30 14:49:54,394 [level] org.hibernate.cache.internal.RegionFactoryInitiator [restartedMain] HHH000026: Second-level cache disabled
2024-05-30 14:49:54,876 [level] org.springframework.orm.jpa.persistenceunit.SpringPersistenceUnitInfo [restartedMain] No LoadTimeWeaver setup: ignoring JPA class transformer
2024-05-30 14:49:55,064 [level] org.hibernate.orm.deprecation [restartedMain] HHH90000025: H2Dialect does not need to be specified explicitly using 'hibernate.dialect' (remove the property setting and it will be selected by default)
2024-05-30 14:49:58,324 [level] org.hibernate.engine.transaction.jta.platform.internal.JtaPlatformInitiator [restartedMain] HHH000489: No JTA platform available (set 'hibernate.transaction.jta.platform' to enable JTA platform integration)
2024-05-30 14:49:58,417 [level] org.springframework.orm.jpa.LocalContainerEntityManagerFactoryBean [restartedMain] Initialized JPA EntityManagerFactory for persistence unit 'default'
2024-05-30 14:49:59,942 [level] org.springframework.boot.autoconfigure.orm.jpa.JpaBaseConfiguration$JpaWebConfiguration [restartedMain] spring.jpa.open-in-view is enabled by default. Therefore, database queries may be performed during view rendering. Explicitly configure spring.jpa.open-in-view to disable this warning
2024-05-30 14:50:01,565 [level] org.springframework.boot.actuate.endpoint.web.EndpointLinksResolver [restartedMain] Exposing 1 endpoint(s) beneath base path '/actuator'
2024-05-30 14:50:01,877 [level] org.springframework.security.web.DefaultSecurityFilterChain [restartedMain] Will secure any request with [org.springframework.security.web.session.DisableEncodeUrlFilter@16043da6, org.springframework.security.web.context.request.async.WebAsyncManagerIntegrationFilter@55f4f0a0, org.springframework.security.web.context.SecurityContextHolderFilter@15870a9, org.springframework.security.web.header.HeaderWriterFilter@6737646, org.springframework.web.filter.CorsFilter@2c506d84, org.springframework.security.web.authentication.logout.LogoutFilter@50933b3b, org.springframework.security.web.authentication.UsernamePasswordAuthenticationFilter@11dd0d6, org.springframework.security.web.authentication.www.BasicAuthenticationFilter@72563caa, org.springframework.security.web.savedrequest.RequestCacheAwareFilter@31e8199d, org.springframework.security.web.servletapi.SecurityContextHolderAwareRequestFilter@59fd0a5f, org.springframework.security.web.authentication.rememberme.RememberMeAuthenticationFilter@1b70f441, org.springframework.security.web.authentication.AnonymousAuthenticationFilter@5e4f7d29, org.springframework.security.web.access.ExceptionTranslationFilter@4ec8b76b, org.springframework.security.web.access.intercept.AuthorizationFilter@485ae4ab]
2024-05-30 14:50:02,896 [level] org.springframework.boot.devtools.autoconfigure.OptionalLiveReloadServer [restartedMain] LiveReload server is running on port 35729
2024-05-30 14:50:03,183 [level] org.springframework.boot.web.embedded.tomcat.TomcatWebServer [restartedMain] Tomcat started on port 8080 (http) with context path ''
2024-05-30 14:50:03,227 [level] com.example.blogpost.BlogPostApplication [restartedMain] Started BlogPostApplication in 16.635 seconds (process running for 17.756)
2024-05-30 14:50:04,315 [level] com.example.blogpost.BlogPostApplication [restartedMain] hi hello
2024-05-30 14:50:04,717 [level] org.apache.catalina.core.ContainerBase.[Tomcat].[localhost].[/] [RMI TCP Connection(2)-127.0.0.1] Initializing Spring DispatcherServlet 'dispatcherServlet'
2024-05-30 14:50:04,718 [level] org.springframework.web.servlet.DispatcherServlet [RMI TCP Connection(2)-127.0.0.1] Initializing Servlet 'dispatcherServlet'
2024-05-30 14:50:04,720 [level] org.springframework.web.servlet.DispatcherServlet [RMI TCP Connection(2)-127.0.0.1] Completed initialization in 1 ms
2024-05-30 14:51:19,824 [level] org.springframework.boot.devtools.autoconfigure.LocalDevToolsAutoConfiguration$RestartingClassPathChangeChangedEventListener [File Watcher] Restarting due to 24 class path changes (0 additions, 0 deletions, 24 modifications)
2024-05-30 14:51:19,883 [level] org.springframework.orm.jpa.LocalContainerEntityManagerFactoryBean [Thread-6] Closing JPA EntityManagerFactory for persistence unit 'default'
2024-05-30 14:51:19,899 [level] com.zaxxer.hikari.HikariDataSource [Thread-6] HikariPool-1 - Shutdown initiated...
2024-05-30 14:51:20,112 [level] com.zaxxer.hikari.HikariDataSource [Thread-6] HikariPool-1 - Shutdown completed.
2024-05-30 14:51:20,262 [level] com.example.blogpost.BlogPostApplication [restartedMain] Starting BlogPostApplication using Java 17.0.11 with PID 81612 (D:\javaudemy\spring Boot\blogpost\target\classes started by phane in D:\javaudemy\spring Boot\blogpost)
2024-05-30 14:51:20,262 [level] com.example.blogpost.BlogPostApplication [restartedMain] No active profile set, falling back to 1 default profile: "default"
2024-05-30 14:51:20,967 [level] org.springframework.data.repository.config.RepositoryConfigurationDelegate [restartedMain] Bootstrapping Spring Data JPA repositories in DEFAULT mode.
2024-05-30 14:51:21,009 [level] org.springframework.data.repository.config.RepositoryConfigurationDelegate [restartedMain] Finished Spring Data repository scanning in 30 ms. Found 3 JPA repository interfaces.
2024-05-30 14:51:21,373 [level] org.springframework.boot.web.embedded.tomcat.TomcatWebServer [restartedMain] Tomcat initialized with port 8080 (http)
2024-05-30 14:51:21,373 [level] org.apache.catalina.core.StandardService [restartedMain] Starting service [Tomcat]
2024-05-30 14:51:21,373 [level] org.apache.catalina.core.StandardEngine [restartedMain] Starting Servlet engine: [Apache Tomcat/10.1.20]
2024-05-30 14:51:21,483 [level] org.apache.catalina.core.ContainerBase.[Tomcat].[localhost].[/] [restartedMain] Initializing Spring embedded WebApplicationContext
2024-05-30 14:51:21,498 [level] org.springframework.boot.web.servlet.context.ServletWebServerApplicationContext [restartedMain] Root WebApplicationContext: initialization completed in 1236 ms
2024-05-30 14:51:21,639 [level] com.zaxxer.hikari.HikariDataSource [restartedMain] HikariPool-2 - Starting...
2024-05-30 14:51:21,696 [level] com.zaxxer.hikari.pool.HikariPool [restartedMain] HikariPool-2 - Added connection conn10: url=jdbc:h2:file:./db/blogdb user=ADMIN
2024-05-30 14:51:21,697 [level] com.zaxxer.hikari.HikariDataSource [restartedMain] HikariPool-2 - Start completed.
2024-05-30 14:51:21,698 [level] org.springframework.boot.autoconfigure.h2.H2ConsoleAutoConfiguration [restartedMain] H2 console available at '/db-console'. Database available at 'jdbc:h2:file:./db/blogdb'
2024-05-30 14:51:21,845 [level] org.hibernate.jpa.internal.util.LogHelper [restartedMain] HHH000204: Processing PersistenceUnitInfo [name: default]
2024-05-30 14:51:21,848 [level] org.hibernate.cache.internal.RegionFactoryInitiator [restartedMain] HHH000026: Second-level cache disabled
2024-05-30 14:51:21,848 [level] org.springframework.orm.jpa.persistenceunit.SpringPersistenceUnitInfo [restartedMain] No LoadTimeWeaver setup: ignoring JPA class transformer
2024-05-30 14:51:21,862 [level] org.hibernate.orm.deprecation [restartedMain] HHH90000025: H2Dialect does not need to be specified explicitly using 'hibernate.dialect' (remove the property setting and it will be selected by default)
2024-05-30 14:51:21,987 [level] org.hibernate.engine.transaction.jta.platform.internal.JtaPlatformInitiator [restartedMain] HHH000489: No JTA platform available (set 'hibernate.transaction.jta.platform' to enable JTA platform integration)
2024-05-30 14:51:22,002 [level] org.springframework.orm.jpa.LocalContainerEntityManagerFactoryBean [restartedMain] Initialized JPA EntityManagerFactory for persistence unit 'default'
2024-05-30 14:51:22,382 [level] org.springframework.boot.autoconfigure.orm.jpa.JpaBaseConfiguration$JpaWebConfiguration [restartedMain] spring.jpa.open-in-view is enabled by default. Therefore, database queries may be performed during view rendering. Explicitly configure spring.jpa.open-in-view to disable this warning
2024-05-30 14:51:22,817 [level] org.springframework.boot.actuate.endpoint.web.EndpointLinksResolver [restartedMain] Exposing 1 endpoint(s) beneath base path '/actuator'
2024-05-30 14:51:22,926 [level] org.springframework.security.web.DefaultSecurityFilterChain [restartedMain] Will secure any request with [org.springframework.security.web.session.DisableEncodeUrlFilter@6d044169, org.springframework.security.web.context.request.async.WebAsyncManagerIntegrationFilter@5453a012, org.springframework.security.web.context.SecurityContextHolderFilter@6ee5e71e, org.springframework.security.web.header.HeaderWriterFilter@4595769b, org.springframework.web.filter.CorsFilter@77cd27bd, org.springframework.security.web.authentication.logout.LogoutFilter@147e15c, org.springframework.security.web.authentication.UsernamePasswordAuthenticationFilter@2caeaf82, org.springframework.security.web.authentication.www.BasicAuthenticationFilter@5fbcda49, org.springframework.security.web.savedrequest.RequestCacheAwareFilter@7710b8c3, org.springframework.security.web.servletapi.SecurityContextHolderAwareRequestFilter@372e345, org.springframework.security.web.authentication.rememberme.RememberMeAuthenticationFilter@18550407, org.springframework.security.web.authentication.AnonymousAuthenticationFilter@4f274b1a, org.springframework.security.web.access.ExceptionTranslationFilter@511274b8, org.springframework.security.web.access.intercept.AuthorizationFilter@45811462]
2024-05-30 14:51:23,366 [level] org.springframework.boot.devtools.autoconfigure.OptionalLiveReloadServer [restartedMain] LiveReload server is running on port 35729
2024-05-30 14:51:23,412 [level] org.springframework.boot.web.embedded.tomcat.TomcatWebServer [restartedMain] Tomcat started on port 8080 (http) with context path ''
2024-05-30 14:51:23,428 [level] com.example.blogpost.BlogPostApplication [restartedMain] Started BlogPostApplication in 3.222 seconds (process running for 97.958)
2024-05-30 14:51:23,992 [level] org.springframework.boot.devtools.autoconfigure.ConditionEvaluationDeltaLoggingListener [restartedMain] Condition evaluation unchanged
2024-05-30 14:51:23,992 [level] com.example.blogpost.BlogPostApplication [restartedMain] hi hello
2024-05-30 14:52:02,312 [level] org.apache.catalina.core.ContainerBase.[Tomcat].[localhost].[/] [http-nio-8080-exec-7] Initializing Spring DispatcherServlet 'dispatcherServlet'
2024-05-30 14:52:02,314 [level] org.springframework.web.servlet.DispatcherServlet [http-nio-8080-exec-7] Initializing Servlet 'dispatcherServlet'
2024-05-30 14:52:02,314 [level] org.springframework.web.servlet.DispatcherServlet [http-nio-8080-exec-7] Completed initialization in 0 ms
2024-05-30 14:56:17,725 [level] com.example.blogpost.BlogPostApplication [restartedMain] Starting BlogPostApplication using Java 17.0.11 with PID 57268 (D:\javaudemy\spring Boot\blogpost\target\classes started by phane in d:\javaudemy\spring Boot\blogpost)
2024-05-30 14:56:17,729 [level] com.example.blogpost.BlogPostApplication [restartedMain] No active profile set, falling back to 1 default profile: "default"
2024-05-30 14:56:17,806 [level] org.springframework.boot.devtools.env.DevToolsPropertyDefaultsPostProcessor [restartedMain] Devtools property defaults active! Set 'spring.devtools.add-properties' to 'false' to disable
2024-05-30 14:56:17,807 [level] org.springframework.boot.devtools.env.DevToolsPropertyDefaultsPostProcessor [restartedMain] For additional web related logging consider setting the 'logging.level.web' property to 'DEBUG'
2024-05-30 14:56:19,538 [level] org.springframework.data.repository.config.RepositoryConfigurationDelegate [restartedMain] Bootstrapping Spring Data JPA repositories in DEFAULT mode.
2024-05-30 14:56:19,639 [level] org.springframework.data.repository.config.RepositoryConfigurationDelegate [restartedMain] Finished Spring Data repository scanning in 85 ms. Found 3 JPA repository interfaces.
2024-05-30 14:56:21,205 [level] org.springframework.boot.web.embedded.tomcat.TomcatWebServer [restartedMain] Tomcat initialized with port 8080 (http)
2024-05-30 14:56:21,225 [level] org.apache.catalina.core.StandardService [restartedMain] Starting service [Tomcat]
2024-05-30 14:56:21,226 [level] org.apache.catalina.core.StandardEngine [restartedMain] Starting Servlet engine: [Apache Tomcat/10.1.20]
2024-05-30 14:56:21,444 [level] org.apache.catalina.core.ContainerBase.[Tomcat].[localhost].[/] [restartedMain] Initializing Spring embedded WebApplicationContext
2024-05-30 14:56:21,446 [level] org.springframework.boot.web.servlet.context.ServletWebServerApplicationContext [restartedMain] Root WebApplicationContext: initialization completed in 3635 ms
2024-05-30 14:56:21,753 [level] com.zaxxer.hikari.HikariDataSource [restartedMain] HikariPool-1 - Starting...
2024-05-30 14:56:22,246 [level] com.zaxxer.hikari.pool.HikariPool [restartedMain] HikariPool-1 - Added connection conn0: url=jdbc:h2:file:./db/blogdb user=ADMIN
2024-05-30 14:56:22,250 [level] com.zaxxer.hikari.HikariDataSource [restartedMain] HikariPool-1 - Start completed.
2024-05-30 14:56:22,270 [level] org.springframework.boot.autoconfigure.h2.H2ConsoleAutoConfiguration [restartedMain] H2 console available at '/db-console'. Database available at 'jdbc:h2:file:./db/blogdb'
2024-05-30 14:56:22,693 [level] org.hibernate.jpa.internal.util.LogHelper [restartedMain] HHH000204: Processing PersistenceUnitInfo [name: default]
2024-05-30 14:56:22,835 [level] org.hibernate.Version [restartedMain] HHH000412: Hibernate ORM core version 6.4.4.Final
2024-05-30 14:56:22,896 [level] org.hibernate.cache.internal.RegionFactoryInitiator [restartedMain] HHH000026: Second-level cache disabled
2024-05-30 14:56:23,262 [level] org.springframework.orm.jpa.persistenceunit.SpringPersistenceUnitInfo [restartedMain] No LoadTimeWeaver setup: ignoring JPA class transformer
2024-05-30 14:56:23,345 [level] org.hibernate.orm.deprecation [restartedMain] HHH90000025: H2Dialect does not need to be specified explicitly using 'hibernate.dialect' (remove the property setting and it will be selected by default)
2024-05-30 14:56:25,240 [level] org.hibernate.engine.transaction.jta.platform.internal.JtaPlatformInitiator [restartedMain] HHH000489: No JTA platform available (set 'hibernate.transaction.jta.platform' to enable JTA platform integration)
2024-05-30 14:56:25,305 [level] org.springframework.orm.jpa.LocalContainerEntityManagerFactoryBean [restartedMain] Initialized JPA EntityManagerFactory for persistence unit 'default'
2024-05-30 14:56:26,322 [level] org.springframework.boot.autoconfigure.orm.jpa.JpaBaseConfiguration$JpaWebConfiguration [restartedMain] spring.jpa.open-in-view is enabled by default. Therefore, database queries may be performed during view rendering. Explicitly configure spring.jpa.open-in-view to disable this warning
2024-05-30 14:56:27,553 [level] org.springframework.boot.actuate.endpoint.web.EndpointLinksResolver [restartedMain] Exposing 1 endpoint(s) beneath base path '/actuator'
2024-05-30 14:56:27,752 [level] org.springframework.security.web.DefaultSecurityFilterChain [restartedMain] Will secure any request with [org.springframework.security.web.session.DisableEncodeUrlFilter@132e371a, org.springframework.security.web.context.request.async.WebAsyncManagerIntegrationFilter@743a4b4, org.springframework.security.web.context.SecurityContextHolderFilter@2545372, org.springframework.security.web.header.HeaderWriterFilter@1d7c6221, org.springframework.web.filter.CorsFilter@4e014796, org.springframework.security.web.authentication.logout.LogoutFilter@6fc35fc9, org.springframework.security.web.authentication.UsernamePasswordAuthenticationFilter@1c19424b, org.springframework.security.web.authentication.www.BasicAuthenticationFilter@73fce0b3, org.springframework.security.web.savedrequest.RequestCacheAwareFilter@245343c8, org.springframework.security.web.servletapi.SecurityContextHolderAwareRequestFilter@239d1c31, org.springframework.security.web.authentication.rememberme.RememberMeAuthenticationFilter@20c881a7, org.springframework.security.web.authentication.AnonymousAuthenticationFilter@20d54d9f, org.springframework.security.web.access.ExceptionTranslationFilter@258d8b0a, org.springframework.security.web.access.intercept.AuthorizationFilter@9e58924]
2024-05-30 14:56:28,622 [level] org.springframework.boot.devtools.autoconfigure.OptionalLiveReloadServer [restartedMain] LiveReload server is running on port 35729
2024-05-30 14:56:28,774 [level] org.springframework.boot.web.embedded.tomcat.TomcatWebServer [restartedMain] Tomcat started on port 8080 (http) with context path ''
2024-05-30 14:56:28,800 [level] com.example.blogpost.BlogPostApplication [restartedMain] Started BlogPostApplication in 11.759 seconds (process running for 12.798)
2024-05-30 14:56:29,026 [level] org.apache.catalina.core.ContainerBase.[Tomcat].[localhost].[/] [RMI TCP Connection(2)-127.0.0.1] Initializing Spring DispatcherServlet 'dispatcherServlet'
2024-05-30 14:56:29,028 [level] org.springframework.web.servlet.DispatcherServlet [RMI TCP Connection(2)-127.0.0.1] Initializing Servlet 'dispatcherServlet'
2024-05-30 14:56:29,032 [level] org.springframework.web.servlet.DispatcherServlet [RMI TCP Connection(2)-127.0.0.1] Completed initialization in 3 ms
2024-05-30 14:56:29,847 [level] com.example.blogpost.BlogPostApplication [restartedMain] hi hello
